<?xml version="1.0" encoding="UTF-8"?>
<testng-results ignored="0" total="4" passed="4" failed="0" skipped="0">
  <reporter-output>
  </reporter-output>
  <suite started-at="2021-01-28T17:59:28 NZDT" name="Default suite" finished-at="2021-01-28T18:00:19 NZDT" duration-ms="50765">
    <groups>
      <group name="cucumber">
        <method signature="AbstractTestNGCucumberTests.runScenario(io.cucumber.testng.PickleWrapper, io.cucumber.testng.FeatureWrapper)[pri:0, instance:runner.TestRunner@22e357dc]" name="runScenario" class="io.cucumber.testng.AbstractTestNGCucumberTests"/>
      </group> <!-- cucumber -->
    </groups>
    <test started-at="2021-01-28T17:59:28 NZDT" name="Default test" finished-at="2021-01-28T18:00:19 NZDT" duration-ms="50765">
      <class name="runner.TestRunner">
        <test-method is-config="true" signature="setUpClass()[pri:0, instance:runner.TestRunner@22e357dc]" started-at="2021-01-28T17:59:28 NZDT" name="setUpClass" finished-at="2021-01-28T17:59:29 NZDT" duration-ms="355" status="PASS">
          <reporter-output>
          </reporter-output>
        </test-method> <!-- setUpClass -->
        <test-method is-config="true" signature="setUp()[pri:0, instance:runner.TestRunner@22e357dc]" started-at="2021-01-28T17:59:29 NZDT" name="setUp" finished-at="2021-01-28T17:59:31 NZDT" duration-ms="2061" status="PASS">
          <reporter-output>
          </reporter-output>
        </test-method> <!-- setUp -->
        <test-method signature="runScenario(io.cucumber.testng.PickleWrapper, io.cucumber.testng.FeatureWrapper)[pri:0, instance:runner.TestRunner@22e357dc]" started-at="2021-01-28T17:59:31 NZDT" name="runScenario" description="Runs Cucumber Scenarios" data-provider="scenarios" finished-at="2021-01-28T17:59:42 NZDT" duration-ms="11332" status="PASS">
          <params>
            <param index="0">
              <value>
                <![CDATA["Successful Login"]]>
              </value>
            </param>
            <param index="1">
              <value>
                <![CDATA["Optional[User Login on website]"]]>
              </value>
            </param>
          </params>
          <reporter-output>
          </reporter-output>
        </test-method> <!-- runScenario -->
        <test-method is-config="true" signature="tearDown()[pri:0, instance:runner.TestRunner@22e357dc]" started-at="2021-01-28T17:59:42 NZDT" name="tearDown" finished-at="2021-01-28T17:59:43 NZDT" duration-ms="715" status="PASS">
          <reporter-output>
          </reporter-output>
        </test-method> <!-- tearDown -->
        <test-method is-config="true" signature="setUp()[pri:0, instance:runner.TestRunner@22e357dc]" started-at="2021-01-28T17:59:43 NZDT" name="setUp" finished-at="2021-01-28T17:59:44 NZDT" duration-ms="1303" status="PASS">
          <reporter-output>
          </reporter-output>
        </test-method> <!-- setUp -->
        <test-method signature="runScenario(io.cucumber.testng.PickleWrapper, io.cucumber.testng.FeatureWrapper)[pri:0, instance:runner.TestRunner@22e357dc]" started-at="2021-01-28T17:59:44 NZDT" name="runScenario" description="Runs Cucumber Scenarios" data-provider="scenarios" finished-at="2021-01-28T17:59:55 NZDT" duration-ms="10698" status="PASS">
          <params>
            <param index="0">
              <value>
                <![CDATA["Successful Login"]]>
              </value>
            </param>
            <param index="1">
              <value>
                <![CDATA["Optional[User Login on website]"]]>
              </value>
            </param>
          </params>
          <reporter-output>
          </reporter-output>
        </test-method> <!-- runScenario -->
        <test-method is-config="true" signature="tearDown()[pri:0, instance:runner.TestRunner@22e357dc]" started-at="2021-01-28T17:59:55 NZDT" name="tearDown" finished-at="2021-01-28T17:59:56 NZDT" duration-ms="780" status="PASS">
          <reporter-output>
          </reporter-output>
        </test-method> <!-- tearDown -->
        <test-method is-config="true" signature="setUp()[pri:0, instance:runner.TestRunner@22e357dc]" started-at="2021-01-28T17:59:56 NZDT" name="setUp" finished-at="2021-01-28T17:59:57 NZDT" duration-ms="1299" status="PASS">
          <reporter-output>
          </reporter-output>
        </test-method> <!-- setUp -->
        <test-method signature="runScenario(io.cucumber.testng.PickleWrapper, io.cucumber.testng.FeatureWrapper)[pri:0, instance:runner.TestRunner@22e357dc]" started-at="2021-01-28T17:59:57 NZDT" name="runScenario" description="Runs Cucumber Scenarios" data-provider="scenarios" finished-at="2021-01-28T18:00:08 NZDT" duration-ms="10747" status="PASS">
          <params>
            <param index="0">
              <value>
                <![CDATA["Successful Login"]]>
              </value>
            </param>
            <param index="1">
              <value>
                <![CDATA["Optional[User Login on website]"]]>
              </value>
            </param>
          </params>
          <reporter-output>
          </reporter-output>
        </test-method> <!-- runScenario -->
        <test-method is-config="true" signature="tearDown()[pri:0, instance:runner.TestRunner@22e357dc]" started-at="2021-01-28T18:00:08 NZDT" name="tearDown" finished-at="2021-01-28T18:00:08 NZDT" duration-ms="703" status="PASS">
          <reporter-output>
          </reporter-output>
        </test-method> <!-- tearDown -->
        <test-method is-config="true" signature="setUp()[pri:0, instance:runner.TestRunner@22e357dc]" started-at="2021-01-28T18:00:08 NZDT" name="setUp" finished-at="2021-01-28T18:00:10 NZDT" duration-ms="1306" status="PASS">
          <reporter-output>
          </reporter-output>
        </test-method> <!-- setUp -->
        <test-method signature="runScenario(io.cucumber.testng.PickleWrapper, io.cucumber.testng.FeatureWrapper)[pri:0, instance:runner.TestRunner@22e357dc]" started-at="2021-01-28T18:00:10 NZDT" name="runScenario" description="Runs Cucumber Scenarios" data-provider="scenarios" finished-at="2021-01-28T18:00:18 NZDT" duration-ms="8554" status="PASS">
          <params>
            <param index="0">
              <value>
                <![CDATA["Register a new user"]]>
              </value>
            </param>
            <param index="1">
              <value>
                <![CDATA["Optional[Register a new user]"]]>
              </value>
            </param>
          </params>
          <reporter-output>
          </reporter-output>
        </test-method> <!-- runScenario -->
        <test-method is-config="true" signature="tearDown()[pri:0, instance:runner.TestRunner@22e357dc]" started-at="2021-01-28T18:00:18 NZDT" name="tearDown" finished-at="2021-01-28T18:00:19 NZDT" duration-ms="734" status="PASS">
          <reporter-output>
          </reporter-output>
        </test-method> <!-- tearDown -->
        <test-method is-config="true" signature="tearDownClass()[pri:0, instance:runner.TestRunner@22e357dc]" started-at="2021-01-28T18:00:19 NZDT" name="tearDownClass" finished-at="2021-01-28T18:00:19 NZDT" duration-ms="152" status="PASS">
          <reporter-output>
          </reporter-output>
        </test-method> <!-- tearDownClass -->
      </class> <!-- runner.TestRunner -->
    </test> <!-- Default test -->
  </suite> <!-- Default suite -->
</testng-results>
